d:\chemo_pump\src\mastermcu\build\vs\debug\target.pdb
d:\chemo_pump\src\mastermcu\build\vs\debug\dtimer.obj
d:\chemo_pump\src\mastermcu\build\vs\debug\cpu_usage.obj
d:\chemo_pump\src\mastermcu\build\vs\debug\drv_stf_motor.obj
d:\chemo_pump\src\mastermcu\build\vs\debug\drv_sst25_flash.obj
d:\chemo_pump\src\mastermcu\build\vs\debug\drv_rtc.obj
d:\chemo_pump\src\mastermcu\build\vs\debug\drv_oled.obj
d:\chemo_pump\src\mastermcu\build\vs\debug\drv_lowpower.obj
d:\chemo_pump\src\mastermcu\build\vs\debug\drv_key.obj
d:\chemo_pump\src\mastermcu\build\vs\debug\drv_isd2360.obj
d:\chemo_pump\src\mastermcu\build\vs\debug\drv_interrupt.obj
d:\chemo_pump\src\mastermcu\build\vs\debug\drv_infusion_motor.obj
d:\chemo_pump\src\mastermcu\build\vs\debug\drv_com.obj
d:\chemo_pump\src\mastermcu\build\vs\debug\dev_def.obj
d:\chemo_pump\src\mastermcu\build\vs\debug\common.obj
d:\chemo_pump\src\mastermcu\build\vs\debug\app_startup_and_post.obj
d:\chemo_pump\src\mastermcu\build\vs\debug\write.obj
d:\chemo_pump\src\mastermcu\build\vs\debug\ssz_ui_config.obj
d:\chemo_pump\src\mastermcu\build\vs\debug\read.obj
d:\chemo_pump\src\mastermcu\build\vs\debug\config.obj
d:\chemo_pump\src\mastermcu\build\vs\debug\clock.obj
d:\chemo_pump\src\mastermcu\build\vs\debug\record_log_text.obj
d:\chemo_pump\src\mastermcu\build\vs\debug\record_log.obj
d:\chemo_pump\src\mastermcu\build\vs\debug\pressure_bubble_sensor.obj
d:\chemo_pump\src\mastermcu\build\vs\debug\pill_box_install_detect.obj
d:\chemo_pump\src\mastermcu\build\vs\debug\param.obj
d:\chemo_pump\src\mastermcu\build\vs\debug\mid_rtc.obj
d:\chemo_pump\src\mastermcu\build\vs\debug\mid_common.obj
d:\chemo_pump\src\mastermcu\build\vs\debug\mid_adc.obj
d:\chemo_pump\src\mastermcu\build\vs\debug\led.obj
d:\chemo_pump\src\mastermcu\build\vs\debug\key.obj
d:\chemo_pump\src\mastermcu\build\vs\debug\infusion_motor.obj
d:\chemo_pump\src\mastermcu\build\vs\debug\display.obj
d:\chemo_pump\src\mastermcu\build\vs\debug\data.obj
d:\chemo_pump\src\mastermcu\build\vs\debug\com.obj
d:\chemo_pump\src\mastermcu\build\vs\debug\alarm_play.obj
d:\chemo_pump\src\mastermcu\build\vs\debug\alarm.obj
d:\chemo_pump\src\mastermcu\build\vs\debug\timer.obj
d:\chemo_pump\src\mastermcu\build\vs\debug\stop_watch.obj
d:\chemo_pump\src\mastermcu\build\vs\debug\msg.obj
d:\chemo_pump\src\mastermcu\build\vs\debug\event.obj
d:\chemo_pump\src\mastermcu\build\vs\debug\exhaust_run.obj
d:\chemo_pump\src\mastermcu\build\vs\debug\exhaust_pause.obj
d:\chemo_pump\src\mastermcu\build\vs\debug\exhaust.obj
d:\chemo_pump\src\mastermcu\build\vs\debug\error.obj
d:\chemo_pump\src\mastermcu\build\vs\debug\battery_two.obj
d:\chemo_pump\src\mastermcu\build\vs\debug\battery_three.obj
d:\chemo_pump\src\mastermcu\build\vs\debug\battery_one.obj
d:\chemo_pump\src\mastermcu\build\vs\debug\battery_no.obj
d:\chemo_pump\src\mastermcu\build\vs\debug\battery_full.obj
d:\chemo_pump\src\mastermcu\build\vs\debug\battery_empty.obj
d:\chemo_pump\src\mastermcu\build\vs\debug\battery_ac.obj
d:\chemo_pump\src\mastermcu\build\vs\debug\ac.obj
d:\chemo_pump\src\mastermcu\build\vs\debug\heiti_regular_88.obj
d:\chemo_pump\src\mastermcu\build\vs\debug\heiti_regular_60.obj
d:\chemo_pump\src\mastermcu\build\vs\debug\dengxian_regular_14.obj
d:\chemo_pump\src\mastermcu\build\vs\debug\voice.obj
d:\chemo_pump\src\mastermcu\build\vs\debug\vibrater_motor.obj
d:\chemo_pump\src\mastermcu\build\vs\debug\three_valve_motor.obj
d:\chemo_pump\src\mastermcu\build\vs\debug\sys_power.obj
d:\chemo_pump\src\mastermcu\build\vs\debug\simple_alloc.obj
d:\chemo_pump\src\mastermcu\build\vs\debug\set_arrow.obj
d:\chemo_pump\src\mastermcu\build\vs\debug\select_2.obj
d:\chemo_pump\src\mastermcu\build\vs\debug\select_1.obj
d:\chemo_pump\src\mastermcu\build\vs\debug\selected_pointer.obj
d:\chemo_pump\src\mastermcu\build\vs\debug\right_arrow.obj
d:\chemo_pump\src\mastermcu\build\vs\debug\peak_set_unselect.obj
d:\chemo_pump\src\mastermcu\build\vs\debug\peak_set_select.obj
d:\chemo_pump\src\mastermcu\build\vs\debug\new_task.obj
d:\chemo_pump\src\mastermcu\build\vs\debug\mute.obj
d:\chemo_pump\src\mastermcu\build\vs\debug\mode_unselected.obj
d:\chemo_pump\src\mastermcu\build\vs\debug\mode_selected.obj
d:\chemo_pump\src\mastermcu\build\vs\debug\logo.obj
d:\chemo_pump\src\mastermcu\build\vs\debug\lock.obj
d:\chemo_pump\src\mastermcu\build\vs\debug\left_arrow.obj
d:\chemo_pump\src\mastermcu\build\vs\debug\infusion_stop.obj
d:\chemo_pump\src\mastermcu\build\vs\debug\infusion_run.obj
d:\chemo_pump\src\mastermcu\build\vs\debug\infusion_pause.obj
d:\chemo_pump\src\mastermcu\build\vs\debug\info_unselect.obj
d:\chemo_pump\src\mastermcu\build\vs\debug\info_select.obj
d:\chemo_pump\src\mastermcu\build\vs\debug\history_log.obj
d:\chemo_pump\src\mastermcu\build\vs\debug\test_record_log.obj
d:\chemo_pump\src\mastermcu\build\vs\debug\test_hardware_ljl.obj
d:\chemo_pump\src\mastermcu\build\vs\debug\test_drv_sst25_flash.obj
d:\chemo_pump\src\mastermcu\build\vs\debug\test_drv_rtc.obj
d:\chemo_pump\src\mastermcu\build\vs\debug\test_drv_oled.obj
d:\chemo_pump\src\mastermcu\build\vs\debug\test_data.obj
d:\chemo_pump\src\mastermcu\build\vs\debug\run_test.obj
d:\chemo_pump\src\mastermcu\build\vs\debug\run_all_test_suite.obj
d:\chemo_pump\src\mastermcu\build\vs\debug\greatest.obj
d:\chemo_pump\src\mastermcu\build\vs\debug\version.obj
d:\chemo_pump\src\mastermcu\build\vs\debug\main_run.obj
d:\chemo_pump\src\mastermcu\build\vs\debug\string_data.obj
d:\chemo_pump\src\mastermcu\build\vs\debug\image_data.obj
d:\chemo_pump\src\mastermcu\build\vs\debug\font_data.obj
d:\chemo_pump\src\mastermcu\build\vs\debug\warning.obj
d:\chemo_pump\src\mastermcu\build\vs\debug\unselected_pointer.obj
d:\chemo_pump\src\mastermcu\build\vs\debug\time_unselect.obj
d:\chemo_pump\src\mastermcu\build\vs\debug\time_select.obj
d:\chemo_pump\src\mastermcu\build\vs\debug\system_setting.obj
d:\chemo_pump\src\mastermcu\build\vs\debug\stop_infusion.obj
d:\chemo_pump\src\mastermcu\build\vs\debug\ssz_queue.obj
d:\chemo_pump\src\mastermcu\build\vs\debug\ssz_precision_tick_time.obj
d:\chemo_pump\src\mastermcu\build\vs\debug\ssz_nvram.obj
d:\chemo_pump\src\mastermcu\build\vs\debug\ssz_map.obj
d:\chemo_pump\src\mastermcu\build\vs\debug\ssz_locale.obj
d:\chemo_pump\src\mastermcu\build\vs\debug\ssz_list.obj
d:\chemo_pump\src\mastermcu\build\vs\debug\ssz_i2c.obj
d:\chemo_pump\src\mastermcu\build\vs\debug\ssz_gpio.obj
d:\chemo_pump\src\mastermcu\build\vs\debug\ssz_file.obj
d:\chemo_pump\src\mastermcu\build\vs\debug\ssz_deque.obj
d:\chemo_pump\src\mastermcu\build\vs\debug\ssz_common.obj
d:\chemo_pump\src\mastermcu\build\vs\debug\ssz_block_file.obj
d:\chemo_pump\src\mastermcu\build\vs\debug\ssz_algorithm.obj
d:\chemo_pump\src\mastermcu\build\vs\debug\ssz_stm32_hal_bsp.obj
d:\chemo_pump\src\mastermcu\build\vs\debug\ssz_simulator_bsp.obj
d:\chemo_pump\src\mastermcu\build\vs\debug\test_ui.obj
d:\chemo_pump\src\mastermcu\build\vs\debug\test_ssz_time_utility.obj
d:\chemo_pump\src\mastermcu\build\vs\debug\test_ssz_time.obj
d:\chemo_pump\src\mastermcu\build\vs\debug\test_ssz_str_utility.obj
d:\chemo_pump\src\mastermcu\build\vs\debug\test_ssz_algorithm.obj
d:\chemo_pump\src\mastermcu\build\vs\debug\main.obj
d:\chemo_pump\src\mastermcu\build\vs\debug\ui_utility.obj
d:\chemo_pump\src\mastermcu\build\vs\debug\ui_draw_img.obj
d:\chemo_pump\src\mastermcu\build\vs\debug\ui_draw.obj
d:\chemo_pump\src\mastermcu\build\vs\debug\ui_disp_text.obj
d:\chemo_pump\src\mastermcu\build\vs\debug\ssz_vector.obj
d:\chemo_pump\src\mastermcu\build\vs\debug\ssz_utility.obj
d:\chemo_pump\src\mastermcu\build\vs\debug\ssz_uart.obj
d:\chemo_pump\src\mastermcu\build\vs\debug\ssz_time_utility.obj
d:\chemo_pump\src\mastermcu\build\vs\debug\ssz_timer.obj
d:\chemo_pump\src\mastermcu\build\vs\debug\ssz_time.obj
d:\chemo_pump\src\mastermcu\build\vs\debug\ssz_tick_time.obj
d:\chemo_pump\src\mastermcu\build\vs\debug\ssz_str_utility.obj
d:\chemo_pump\src\mastermcu\build\vs\debug\ssz_stop_watch.obj
d:\chemo_pump\src\mastermcu\build\vs\debug\ssz_stack.obj
d:\chemo_pump\src\mastermcu\build\vs\debug\ssz_spi.obj
d:\chemo_pump\src\mastermcu\build\vs\debug\ssz_sim_i2c.obj
d:\chemo_pump\src\mastermcu\build\vs\debug\ssz_safe_queue.obj
d:\chemo_pump\src\mastermcu\build\vs\debug\ssz_record.obj
d:\chemo_pump\src\mastermcu\build\vs\debug\app_scr_set_peek_mode_speed.obj
d:\chemo_pump\src\mastermcu\build\vs\debug\app_scr_set_peek_mode_duration.obj
d:\chemo_pump\src\mastermcu\build\vs\debug\app_scr_set_infusion_speed.obj
d:\chemo_pump\src\mastermcu\build\vs\debug\app_scr_set_infusion_duration.obj
d:\chemo_pump\src\mastermcu\build\vs\debug\app_scr_set_date.obj
d:\chemo_pump\src\mastermcu\build\vs\debug\app_scr_manual_clear_air.obj
d:\chemo_pump\src\mastermcu\build\vs\debug\app_scr_change_voice_volume.obj
d:\chemo_pump\src\mastermcu\build\vs\debug\app_scr_change_password.obj
d:\chemo_pump\src\mastermcu\build\vs\debug\app_scr_change_oled_brightness.obj
d:\chemo_pump\src\mastermcu\build\vs\debug\app_scr_auto_clear_air.obj
d:\chemo_pump\src\mastermcu\build\vs\debug\app_scr_alarm.obj
d:\chemo_pump\src\mastermcu\build\vs\debug\app_popup.obj
d:\chemo_pump\src\mastermcu\build\vs\debug\app_operation_log.obj
d:\chemo_pump\src\mastermcu\build\vs\debug\app_main_menu.obj
d:\chemo_pump\src\mastermcu\build\vs\debug\app_home.obj
d:\chemo_pump\src\mastermcu\build\vs\debug\app_history_log.obj
d:\chemo_pump\src\mastermcu\build\vs\debug\app_alternative_popup.obj
d:\chemo_pump\src\mastermcu\build\vs\debug\ssz_ui_view_config.obj
d:\chemo_pump\src\mastermcu\build\vs\debug\ssz_config.obj
d:\chemo_pump\src\mastermcu\build\vs\debug\simple_alloc_config.obj
d:\chemo_pump\src\mastermcu\build\vs\debug\app_common.obj
d:\chemo_pump\src\mastermcu\build\vs\debug\app_cmd.obj
d:\chemo_pump\src\mastermcu\build\vs\debug\app_check_last_infuse.obj
d:\chemo_pump\src\mastermcu\build\vs\debug\app_alarm_event_handle.obj
d:\chemo_pump\src\mastermcu\build\vs\debug\scr_unlock_tip.obj
d:\chemo_pump\src\mastermcu\build\vs\debug\scr_tip_popup.obj
d:\chemo_pump\src\mastermcu\build\vs\debug\scr_sleep.obj
d:\chemo_pump\src\mastermcu\build\vs\debug\scr_set_clean_tube_dose.obj
d:\chemo_pump\src\mastermcu\build\vs\debug\scr_pressure_calibration.obj
d:\chemo_pump\src\mastermcu\build\vs\debug\scr_precision_calibration.obj
d:\chemo_pump\src\mastermcu\build\vs\debug\scr_password_popup.obj
d:\chemo_pump\src\mastermcu\build\vs\debug\scr_layout.obj
d:\chemo_pump\src\mastermcu\build\vs\debug\scr_factory_mode.obj
d:\chemo_pump\src\mastermcu\build\vs\debug\scr_clean_tube.obj
d:\chemo_pump\src\mastermcu\build\vs\debug\app_set_menu.obj
d:\chemo_pump\src\mastermcu\build\vs\debug\app_select_popup.obj
d:\chemo_pump\src\mastermcu\build\vs\debug\app_scr_task_confirm.obj
d:\chemo_pump\src\mastermcu\build\vs\debug\app_scr_set_year.obj
d:\chemo_pump\src\mastermcu\build\vs\debug\app_scr_set_total_dose.obj
d:\chemo_pump\src\mastermcu\build\vs\debug\app_scr_set_time.obj
d:\chemo_pump\src\mastermcu\build\vs\debug\test_drv_lowpower.obj
d:\chemo_pump\src\mastermcu\build\vs\debug\test_app_sleep.obj
d:\chemo_pump\src\mastermcu\build\vs\debug\run_test_after_main.obj
d:\chemo_pump\src\mastermcu\build\vs\debug\init.obj
d:\chemo_pump\src\mastermcu\build\vs\debug\do_before_main_loop.obj
d:\chemo_pump\src\mastermcu\build\vs\debug\ui_common.obj
d:\chemo_pump\src\mastermcu\build\vs\debug\screen.obj
d:\chemo_pump\src\mastermcu\build\vs\debug\ui_statusbar.obj
d:\chemo_pump\src\mastermcu\build\vs\debug\ui_list_pos_indicator.obj
d:\chemo_pump\src\mastermcu\build\vs\debug\app_system_monitor.obj
d:\chemo_pump\src\mastermcu\build\vs\debug\app_sleep.obj
d:\chemo_pump\src\mastermcu\build\vs\debug\app_scr_event_handle.obj
d:\chemo_pump\src\mastermcu\build\vs\debug\app_msg_handle.obj
d:\chemo_pump\src\mastermcu\build\vs\debug\app_motor_monitor.obj
d:\chemo_pump\src\mastermcu\build\vs\debug\app_mcu_monitor.obj
d:\chemo_pump\src\mastermcu\build\vs\debug\app_mcu_comm.obj
d:\chemo_pump\src\mastermcu\build\vs\debug\app_key_event_handle.obj
d:\chemo_pump\src\mastermcu\build\vs\debug\app_infusion_monitor.obj
d:\chemo_pump\src\mastermcu\build\vs\debug\app_infusion_event_handle.obj
d:\chemo_pump\src\mastermcu\build\vs\debug\app_delivery.obj
d:\chemo_pump\src\mastermcu\build\vs\debug\ui_view.obj
d:\chemo_pump\src\mastermcu\build\vs\debug\ui_window.obj
d:\chemo_pump\src\mastermcu\build\vs\debug\ui_text_list.obj
d:\chemo_pump\src\mastermcu\build\vs\debug\ui_text_base.obj
d:\chemo_pump\src\mastermcu\build\vs\debug\ui_progress_bar.obj
d:\chemo_pump\src\mastermcu\build\vs\debug\ui_page_control.obj
d:\chemo_pump\src\mastermcu\build\vs\debug\ui_number_edit.obj
d:\chemo_pump\src\mastermcu\build\vs\debug\ui_normal_list_base.obj
d:\chemo_pump\src\mastermcu\build\vs\debug\ui_list_base.obj
d:\chemo_pump\src\mastermcu\build\vs\debug\ui_lable.obj
d:\chemo_pump\src\mastermcu\build\vs\debug\ui_image_list.obj
d:\chemo_pump\src\mastermcu\build\vs\debug\ui_image.obj
d:\chemo_pump\src\mastermcu\build\vs\debug\ui_dynamic_list.obj
d:\chemo_pump\src\mastermcu\build\vs\debug\ui_draw_base.obj
d:\chemo_pump\src\mastermcu\build\vs\debug\test_ui_view.obj
d:\chemo_pump\src\mastermcu\build\vs\debug\app_scr_set_max_clean_tube_dose.obj
d:\chemo_pump\src\mastermcu\build\vs\debug\flush_max_dose_unselected.obj
d:\chemo_pump\src\mastermcu\build\vs\debug\flush_max_dose_selected.obj
d:\chemo_pump\src\mastermcu\simulator\debug\target.lib
d:\chemo_pump\src\mastermcu\simulator\debug\target.pdb
d:\chemo_pump\src\mastermcu\build\vs\debug\target.tlog\cl.command.1.tlog
d:\chemo_pump\src\mastermcu\build\vs\debug\target.tlog\cl.read.1.tlog
d:\chemo_pump\src\mastermcu\build\vs\debug\target.tlog\cl.write.1.tlog
d:\chemo_pump\src\mastermcu\build\vs\debug\target.tlog\lib.command.1.tlog
d:\chemo_pump\src\mastermcu\build\vs\debug\target.tlog\lib.read.1.tlog
d:\chemo_pump\src\mastermcu\build\vs\debug\target.tlog\lib.write.1.tlog
